{
  message: 'Access Denied in login',
  level: 'error',
  label: 'c-kart',
  timestamp: 'Jan-15-2023 20:28:32'
}
{
  message: 'Please Authenticate',
  level: 'error',
  label: 'c-kart',
  timestamp: 'Jan-15-2023 20:28:50'
}
{
  message: 'Please Authenticate',
  level: 'error',
  label: 'c-kart',
  timestamp: 'Jan-16-2023 11:36:20'
}
{
  message: "Cannot read property 'password' of undefined in login",
  level: 'error',
  label: 'c-kart',
  timestamp: 'Jan-16-2023 15:29:47'
}
{
  message: "Cannot read property 'password' of undefined in login",
  level: 'error',
  label: 'c-kart',
  timestamp: 'Jan-16-2023 15:44:14'
}
{
  message: 'Please Authenticate',
  level: 'error',
  label: 'c-kart',
  timestamp: 'Jan-16-2023 15:44:54'
}
{
  message: 'Please Authenticate',
  level: 'error',
  label: 'c-kart',
  timestamp: 'Jan-16-2023 16:55:56'
}
{
  message: 'Please Authenticate',
  level: 'error',
  label: 'c-kart',
  timestamp: 'Jan-16-2023 16:55:57'
}
{
  message: 'Please Authenticate',
  level: 'error',
  label: 'c-kart',
  timestamp: 'Jan-16-2023 16:55:59'
}
{
  message: 'Please Authenticate',
  level: 'error',
  label: 'c-kart',
  timestamp: 'Jan-16-2023 16:55:59'
}
{
  message: 'Please Authenticate',
  level: 'error',
  label: 'c-kart',
  timestamp: 'Jan-16-2023 16:56:00'
}
{
  message: 'Please Authenticate',
  level: 'error',
  label: 'c-kart',
  timestamp: 'Jan-16-2023 16:56:01'
}
{
  message: 'Please Authenticate',
  level: 'error',
  label: 'c-kart',
  timestamp: 'Jan-16-2023 16:56:02'
}
{
  message: 'Please Authenticate',
  level: 'error',
  label: 'c-kart',
  timestamp: 'Jan-16-2023 16:56:03'
}
{
  message: 'Please Authenticate',
  level: 'error',
  label: 'c-kart',
  timestamp: 'Jan-16-2023 16:56:04'
}
{
  message: 'Please Authenticate',
  level: 'error',
  label: 'c-kart',
  timestamp: 'Jan-16-2023 16:56:05'
}
{
  message: 'Please Authenticate',
  level: 'error',
  label: 'c-kart',
  timestamp: 'Jan-16-2023 16:56:06'
}
{
  message: 'Please Authenticate',
  level: 'error',
  label: 'c-kart',
  timestamp: 'Jan-16-2023 16:56:07'
}
{
  message: 'Please Authenticate',
  level: 'error',
  label: 'c-kart',
  timestamp: 'Jan-16-2023 16:56:08'
}
{
  message: 'Please Authenticate',
  level: 'error',
  label: 'c-kart',
  timestamp: 'Jan-16-2023 16:56:09'
}
{
  message: 'Please Authenticate',
  level: 'error',
  label: 'c-kart',
  timestamp: 'Jan-16-2023 16:56:10'
}
{
  message: 'Please Authenticate',
  level: 'error',
  label: 'c-kart',
  timestamp: 'Jan-16-2023 16:56:11'
}
{
  message: 'Please Authenticate',
  level: 'error',
  label: 'c-kart',
  timestamp: 'Jan-16-2023 16:56:12'
}
{
  message: 'Please Authenticate',
  level: 'error',
  label: 'c-kart',
  timestamp: 'Jan-16-2023 16:56:13'
}
{
  message: 'Please Authenticate',
  level: 'error',
  label: 'c-kart',
  timestamp: 'Jan-16-2023 16:56:14'
}
{
  message: 'Please Authenticate',
  level: 'error',
  label: 'c-kart',
  timestamp: 'Jan-16-2023 16:56:15'
}
{
  message: 'Please Authenticate',
  level: 'error',
  label: 'c-kart',
  timestamp: 'Jan-16-2023 16:56:16'
}
{
  message: 'Please Authenticate',
  level: 'error',
  label: 'c-kart',
  timestamp: 'Jan-16-2023 16:56:17'
}
{
  message: 'Please Authenticate',
  level: 'error',
  label: 'c-kart',
  timestamp: 'Jan-16-2023 16:56:18'
}
{
  message: 'Please Authenticate',
  level: 'error',
  label: 'c-kart',
  timestamp: 'Jan-16-2023 16:56:19'
}
{
  message: 'Please Authenticate',
  level: 'error',
  label: 'c-kart',
  timestamp: 'Jan-16-2023 16:56:20'
}
{
  message: 'Please Authenticate',
  level: 'error',
  label: 'c-kart',
  timestamp: 'Jan-16-2023 16:56:21'
}
{
  message: 'Please Authenticate',
  level: 'error',
  label: 'c-kart',
  timestamp: 'Jan-16-2023 16:56:22'
}
{
  message: 'Please Authenticate',
  level: 'error',
  label: 'c-kart',
  timestamp: 'Jan-16-2023 16:56:23'
}
{
  message: 'Please Authenticate',
  level: 'error',
  label: 'c-kart',
  timestamp: 'Jan-16-2023 16:56:24'
}
{
  message: 'Please Authenticate',
  level: 'error',
  label: 'c-kart',
  timestamp: 'Jan-16-2023 16:56:25'
}
{
  message: 'Please Authenticate',
  level: 'error',
  label: 'c-kart',
  timestamp: 'Jan-16-2023 16:56:26'
}
{
  message: 'Please Authenticate',
  level: 'error',
  label: 'c-kart',
  timestamp: 'Jan-16-2023 16:56:27'
}
{
  message: 'Please Authenticate',
  level: 'error',
  label: 'c-kart',
  timestamp: 'Jan-16-2023 16:56:29'
}
{
  message: 'Please Authenticate',
  level: 'error',
  label: 'c-kart',
  timestamp: 'Jan-16-2023 16:56:30'
}
{
  message: 'Please Authenticate',
  level: 'error',
  label: 'c-kart',
  timestamp: 'Jan-16-2023 16:56:31'
}
{
  message: 'Please Authenticate',
  level: 'error',
  label: 'c-kart',
  timestamp: 'Jan-16-2023 16:56:32'
}
{
  message: 'Please Authenticate',
  level: 'error',
  label: 'c-kart',
  timestamp: 'Jan-16-2023 16:56:33'
}
{
  message: 'Please Authenticate',
  level: 'error',
  label: 'c-kart',
  timestamp: 'Jan-16-2023 16:56:34'
}
{
  message: 'Please Authenticate',
  level: 'error',
  label: 'c-kart',
  timestamp: 'Jan-16-2023 16:56:35'
}
{
  message: 'Please Authenticate',
  level: 'error',
  label: 'c-kart',
  timestamp: 'Jan-16-2023 16:56:36'
}
{
  message: 'Please Authenticate',
  level: 'error',
  label: 'c-kart',
  timestamp: 'Jan-16-2023 16:56:37'
}
{
  message: 'Please Authenticate',
  level: 'error',
  label: 'c-kart',
  timestamp: 'Jan-16-2023 16:56:38'
}
{
  message: 'Please Authenticate',
  level: 'error',
  label: 'c-kart',
  timestamp: 'Jan-16-2023 16:56:39'
}
{
  message: 'Please Authenticate',
  level: 'error',
  label: 'c-kart',
  timestamp: 'Jan-16-2023 16:56:40'
}
{
  message: 'Please Authenticate',
  level: 'error',
  label: 'c-kart',
  timestamp: 'Jan-16-2023 16:56:41'
}
{
  message: 'Please Authenticate',
  level: 'error',
  label: 'c-kart',
  timestamp: 'Jan-16-2023 16:56:42'
}
{
  message: 'Please Authenticate',
  level: 'error',
  label: 'c-kart',
  timestamp: 'Jan-16-2023 16:56:43'
}
{
  message: 'Please Authenticate',
  level: 'error',
  label: 'c-kart',
  timestamp: 'Jan-16-2023 16:56:44'
}
{
  message: 'Please Authenticate',
  level: 'error',
  label: 'c-kart',
  timestamp: 'Jan-16-2023 16:56:45'
}
{
  message: 'Please Authenticate',
  level: 'error',
  label: 'c-kart',
  timestamp: 'Jan-16-2023 16:56:46'
}
{
  message: 'Please Authenticate',
  level: 'error',
  label: 'c-kart',
  timestamp: 'Jan-16-2023 16:56:47'
}
{
  message: 'Please Authenticate',
  level: 'error',
  label: 'c-kart',
  timestamp: 'Jan-16-2023 16:56:48'
}
{
  message: 'Please Authenticate',
  level: 'error',
  label: 'c-kart',
  timestamp: 'Jan-16-2023 16:56:49'
}
{
  message: 'Please Authenticate',
  level: 'error',
  label: 'c-kart',
  timestamp: 'Jan-16-2023 16:56:50'
}
{
  message: 'Please Authenticate',
  level: 'error',
  label: 'c-kart',
  timestamp: 'Jan-16-2023 16:56:51'
}
{
  message: 'Please Authenticate',
  level: 'error',
  label: 'c-kart',
  timestamp: 'Jan-16-2023 16:56:52'
}
{
  message: 'Please Authenticate',
  level: 'error',
  label: 'c-kart',
  timestamp: 'Jan-16-2023 16:56:53'
}
{
  message: 'Please Authenticate',
  level: 'error',
  label: 'c-kart',
  timestamp: 'Jan-16-2023 16:56:54'
}
{
  message: 'Please Authenticate',
  level: 'error',
  label: 'c-kart',
  timestamp: 'Jan-16-2023 16:56:55'
}
{
  message: 'Please Authenticate',
  level: 'error',
  label: 'c-kart',
  timestamp: 'Jan-16-2023 16:56:56'
}
{
  message: 'Please Authenticate',
  level: 'error',
  label: 'c-kart',
  timestamp: 'Jan-16-2023 16:56:57'
}
{
  message: 'Please Authenticate',
  level: 'error',
  label: 'c-kart',
  timestamp: 'Jan-16-2023 16:56:58'
}
{
  message: 'Please Authenticate',
  level: 'error',
  label: 'c-kart',
  timestamp: 'Jan-16-2023 16:56:59'
}
{
  message: 'Please Authenticate',
  level: 'error',
  label: 'c-kart',
  timestamp: 'Jan-16-2023 16:57:00'
}
{
  message: 'Please Authenticate',
  level: 'error',
  label: 'c-kart',
  timestamp: 'Jan-16-2023 16:57:01'
}
{
  message: 'Please Authenticate',
  level: 'error',
  label: 'c-kart',
  timestamp: 'Jan-16-2023 16:57:02'
}
{
  message: 'Please Authenticate',
  level: 'error',
  label: 'c-kart',
  timestamp: 'Jan-16-2023 16:57:03'
}
{
  message: 'Please Authenticate',
  level: 'error',
  label: 'c-kart',
  timestamp: 'Jan-16-2023 16:57:04'
}
{
  message: 'Please Authenticate',
  level: 'error',
  label: 'c-kart',
  timestamp: 'Jan-16-2023 16:57:05'
}
{
  message: 'Please Authenticate',
  level: 'error',
  label: 'c-kart',
  timestamp: 'Jan-16-2023 16:57:06'
}
{
  message: 'Please Authenticate',
  level: 'error',
  label: 'c-kart',
  timestamp: 'Jan-16-2023 16:57:07'
}
{
  message: 'Please Authenticate',
  level: 'error',
  label: 'c-kart',
  timestamp: 'Jan-16-2023 16:57:08'
}
{
  message: 'Please Authenticate',
  level: 'error',
  label: 'c-kart',
  timestamp: 'Jan-16-2023 16:57:09'
}
{
  message: 'Please Authenticate',
  level: 'error',
  label: 'c-kart',
  timestamp: 'Jan-16-2023 16:57:10'
}
{
  message: 'Please Authenticate',
  level: 'error',
  label: 'c-kart',
  timestamp: 'Jan-16-2023 16:57:11'
}
{
  message: 'Please Authenticate',
  level: 'error',
  label: 'c-kart',
  timestamp: 'Jan-16-2023 16:57:12'
}
{
  message: 'Please Authenticate',
  level: 'error',
  label: 'c-kart',
  timestamp: 'Jan-16-2023 16:57:13'
}
{
  message: 'Please Authenticate',
  level: 'error',
  label: 'c-kart',
  timestamp: 'Jan-16-2023 16:57:14'
}
{
  message: 'Please Authenticate',
  level: 'error',
  label: 'c-kart',
  timestamp: 'Jan-16-2023 16:57:15'
}
{
  message: 'Please Authenticate',
  level: 'error',
  label: 'c-kart',
  timestamp: 'Jan-16-2023 16:57:16'
}
{
  message: 'Please Authenticate',
  level: 'error',
  label: 'c-kart',
  timestamp: 'Jan-16-2023 16:57:17'
}
{
  message: 'Please Authenticate',
  level: 'error',
  label: 'c-kart',
  timestamp: 'Jan-16-2023 16:57:18'
}
{
  message: 'Please Authenticate',
  level: 'error',
  label: 'c-kart',
  timestamp: 'Jan-16-2023 16:57:19'
}
{
  message: 'Please Authenticate',
  level: 'error',
  label: 'c-kart',
  timestamp: 'Jan-16-2023 16:57:20'
}
{
  message: 'Please Authenticate',
  level: 'error',
  label: 'c-kart',
  timestamp: 'Jan-16-2023 16:57:21'
}
{
  message: 'Please Authenticate',
  level: 'error',
  label: 'c-kart',
  timestamp: 'Jan-16-2023 16:57:22'
}
{
  message: 'Please Authenticate',
  level: 'error',
  label: 'c-kart',
  timestamp: 'Jan-16-2023 16:57:23'
}
{
  message: 'Please Authenticate',
  level: 'error',
  label: 'c-kart',
  timestamp: 'Jan-16-2023 16:57:24'
}
{
  message: 'Please Authenticate',
  level: 'error',
  label: 'c-kart',
  timestamp: 'Jan-16-2023 16:57:25'
}
{
  message: 'Please Authenticate',
  level: 'error',
  label: 'c-kart',
  timestamp: 'Jan-16-2023 16:57:26'
}
{
  message: 'Please Authenticate',
  level: 'error',
  label: 'c-kart',
  timestamp: 'Jan-16-2023 16:57:27'
}
{
  message: 'Please Authenticate',
  level: 'error',
  label: 'c-kart',
  timestamp: 'Jan-16-2023 16:57:28'
}
{
  message: 'Please Authenticate',
  level: 'error',
  label: 'c-kart',
  timestamp: 'Jan-16-2023 16:57:29'
}
{
  message: 'Please Authenticate',
  level: 'error',
  label: 'c-kart',
  timestamp: 'Jan-16-2023 16:57:30'
}
{
  message: 'Please Authenticate',
  level: 'error',
  label: 'c-kart',
  timestamp: 'Jan-16-2023 16:57:31'
}
{
  message: 'Please Authenticate',
  level: 'error',
  label: 'c-kart',
  timestamp: 'Jan-16-2023 16:57:32'
}
{
  message: 'Please Authenticate',
  level: 'error',
  label: 'c-kart',
  timestamp: 'Jan-16-2023 16:57:33'
}
{
  message: 'Please Authenticate',
  level: 'error',
  label: 'c-kart',
  timestamp: 'Jan-16-2023 16:57:34'
}
{
  message: 'Please Authenticate',
  level: 'error',
  label: 'c-kart',
  timestamp: 'Jan-16-2023 16:57:35'
}
{
  message: 'Please Authenticate',
  level: 'error',
  label: 'c-kart',
  timestamp: 'Jan-16-2023 16:57:36'
}
{
  message: 'Please Authenticate',
  level: 'error',
  label: 'c-kart',
  timestamp: 'Jan-16-2023 16:57:37'
}
{
  message: 'Please Authenticate',
  level: 'error',
  label: 'c-kart',
  timestamp: 'Jan-16-2023 16:57:38'
}
{
  message: 'Please Authenticate',
  level: 'error',
  label: 'c-kart',
  timestamp: 'Jan-16-2023 16:57:39'
}
{
  message: 'Please Authenticate',
  level: 'error',
  label: 'c-kart',
  timestamp: 'Jan-16-2023 16:57:40'
}
{
  message: 'Please Authenticate',
  level: 'error',
  label: 'c-kart',
  timestamp: 'Jan-16-2023 16:57:41'
}
{
  message: 'Please Authenticate',
  level: 'error',
  label: 'c-kart',
  timestamp: 'Jan-16-2023 16:57:42'
}
{
  message: 'Please Authenticate',
  level: 'error',
  label: 'c-kart',
  timestamp: 'Jan-16-2023 16:57:43'
}
{
  message: 'Please Authenticate',
  level: 'error',
  label: 'c-kart',
  timestamp: 'Jan-16-2023 16:57:44'
}
{
  message: 'Please Authenticate',
  level: 'error',
  label: 'c-kart',
  timestamp: 'Jan-16-2023 16:57:45'
}
{
  message: 'Please Authenticate',
  level: 'error',
  label: 'c-kart',
  timestamp: 'Jan-16-2023 16:57:46'
}
{
  message: 'Please Authenticate',
  level: 'error',
  label: 'c-kart',
  timestamp: 'Jan-16-2023 16:57:47'
}
{
  message: 'Please Authenticate',
  level: 'error',
  label: 'c-kart',
  timestamp: 'Jan-16-2023 16:57:48'
}
{
  message: 'Please Authenticate',
  level: 'error',
  label: 'c-kart',
  timestamp: 'Jan-16-2023 16:57:49'
}
{
  message: 'Please Authenticate',
  level: 'error',
  label: 'c-kart',
  timestamp: 'Jan-16-2023 16:57:50'
}
{
  message: 'Please Authenticate',
  level: 'error',
  label: 'c-kart',
  timestamp: 'Jan-16-2023 16:57:51'
}
{
  message: 'Please Authenticate',
  level: 'error',
  label: 'c-kart',
  timestamp: 'Jan-16-2023 16:57:52'
}
{
  message: 'Please Authenticate',
  level: 'error',
  label: 'c-kart',
  timestamp: 'Jan-16-2023 16:57:53'
}
{
  message: 'Access attempt with invalid token',
  level: 'error',
  label: 'c-kart',
  timestamp: 'Jan-16-2023 16:57:54'
}
{
  message: 'Please Authenticate',
  level: 'error',
  label: 'c-kart',
  timestamp: 'Jan-16-2023 16:57:55'
}
{
  message: 'Please Authenticate',
  level: 'error',
  label: 'c-kart',
  timestamp: 'Jan-16-2023 16:57:56'
}
{
  message: 'Please Authenticate',
  level: 'error',
  label: 'c-kart',
  timestamp: 'Jan-16-2023 16:57:57'
}
{
  message: 'Please Authenticate',
  level: 'error',
  label: 'c-kart',
  timestamp: 'Jan-16-2023 16:57:58'
}
{
  message: 'Please Authenticate',
  level: 'error',
  label: 'c-kart',
  timestamp: 'Jan-16-2023 16:57:59'
}
{
  message: 'Please Authenticate',
  level: 'error',
  label: 'c-kart',
  timestamp: 'Jan-16-2023 16:58:00'
}
{
  message: 'Please Authenticate',
  level: 'error',
  label: 'c-kart',
  timestamp: 'Jan-16-2023 16:58:01'
}
{
  message: 'Please Authenticate',
  level: 'error',
  label: 'c-kart',
  timestamp: 'Jan-16-2023 16:58:02'
}
{
  message: 'Please Authenticate',
  level: 'error',
  label: 'c-kart',
  timestamp: 'Jan-16-2023 16:58:03'
}
{
  message: 'Please Authenticate',
  level: 'error',
  label: 'c-kart',
  timestamp: 'Jan-16-2023 16:58:04'
}
{
  message: 'Please Authenticate',
  level: 'error',
  label: 'c-kart',
  timestamp: 'Jan-16-2023 16:58:05'
}
{
  message: 'Please Authenticate',
  level: 'error',
  label: 'c-kart',
  timestamp: 'Jan-16-2023 16:58:06'
}
{
  message: 'Please Authenticate',
  level: 'error',
  label: 'c-kart',
  timestamp: 'Jan-16-2023 16:58:07'
}
{
  message: 'Please Authenticate',
  level: 'error',
  label: 'c-kart',
  timestamp: 'Jan-16-2023 16:58:08'
}
{
  message: 'Please Authenticate',
  level: 'error',
  label: 'c-kart',
  timestamp: 'Jan-16-2023 16:58:09'
}
{
  message: 'Please Authenticate',
  level: 'error',
  label: 'c-kart',
  timestamp: 'Jan-16-2023 16:58:10'
}
{
  message: 'Please Authenticate',
  level: 'error',
  label: 'c-kart',
  timestamp: 'Jan-16-2023 16:58:11'
}
{
  message: 'Please Authenticate',
  level: 'error',
  label: 'c-kart',
  timestamp: 'Jan-16-2023 16:58:12'
}
{
  message: 'Please Authenticate',
  level: 'error',
  label: 'c-kart',
  timestamp: 'Jan-16-2023 16:58:13'
}
{
  message: 'Please Authenticate',
  level: 'error',
  label: 'c-kart',
  timestamp: 'Jan-16-2023 16:58:14'
}
{
  message: 'Please Authenticate',
  level: 'error',
  label: 'c-kart',
  timestamp: 'Jan-16-2023 16:58:15'
}
{
  message: "Cannot read property 'password' of undefined in login",
  level: 'error',
  label: 'c-kart',
  timestamp: 'Jan-17-2023 14:15:10'
}
{
  message: 'Please Authenticate',
  level: 'error',
  label: 'c-kart',
  timestamp: 'Jan-17-2023 14:15:51'
}
{
  message: 'Access Denied in login',
  level: 'error',
  label: 'c-kart',
  timestamp: 'Jan-17-2023 14:24:08'
}
{
  message: 'Access Denied in login',
  level: 'error',
  label: 'c-kart',
  timestamp: 'Jan-17-2023 14:24:19'
}
{
  message: 'Please Authenticate',
  level: 'error',
  label: 'c-kart',
  timestamp: 'Jan-17-2023 14:30:25'
}
{
  message: 'Please Authenticate',
  level: 'error',
  label: 'c-kart',
  timestamp: 'Jan-17-2023 14:30:25'
}
{
  message: 'Please Authenticate',
  level: 'error',
  label: 'c-kart',
  timestamp: 'Jan-17-2023 14:30:25'
}
{
  message: 'Please Authenticate',
  level: 'error',
  label: 'c-kart',
  timestamp: 'Jan-17-2023 14:30:25'
}
{
  message: 'Please Authenticate',
  level: 'error',
  label: 'c-kart',
  timestamp: 'Jan-17-2023 14:30:26'
}
